Traceback (most recent call last):
  File "/home/runner/work/notes/notes/.venv/lib/python3.10/site-packages/jupyter_core/utils/__init__.py", line 154, in wrapped
    asyncio.get_running_loop()
RuntimeError: no running event loop

During handling of the above exception, another exception occurred:

Traceback (most recent call last):
  File "/home/runner/work/notes/notes/.venv/lib/python3.10/site-packages/jupyter_cache/executors/utils.py", line 58, in single_nb_execution
    executenb(
  File "/home/runner/work/notes/notes/.venv/lib/python3.10/site-packages/nbclient/client.py", line 1319, in execute
    return NotebookClient(nb=nb, resources=resources, km=km, **kwargs).execute()
  File "/home/runner/work/notes/notes/.venv/lib/python3.10/site-packages/jupyter_core/utils/__init__.py", line 158, in wrapped
    return loop.run_until_complete(inner)
  File "/home/runner/.local/share/uv/python/cpython-3.10.19-linux-x86_64-gnu/lib/python3.10/asyncio/base_events.py", line 649, in run_until_complete
    return future.result()
  File "/home/runner/work/notes/notes/.venv/lib/python3.10/site-packages/nbclient/client.py", line 709, in async_execute
    await self.async_execute_cell(
  File "/home/runner/work/notes/notes/.venv/lib/python3.10/site-packages/nbclient/client.py", line 1062, in async_execute_cell
    await self._check_raise_for_error(cell, cell_index, exec_reply)
  File "/home/runner/work/notes/notes/.venv/lib/python3.10/site-packages/nbclient/client.py", line 918, in _check_raise_for_error
    raise CellExecutionError.from_cell_and_msg(cell, exec_reply_content)
nbclient.exceptions.CellExecutionError: An error occurred while executing the following cell:
------------------
import matplotlib.pyplot as plt
import numpy as np

e = np.linspace(-2, 2, 100)

plt.figure(figsize=[4,3])
plt.plot(x, e**2, label=r"Squared Error $e^2$")
plt.plot(x, abs(e), label=r"Absolute Error $|e|$")

plt.ylabel(r"$error$")
plt.xlabel(r"$e$")
plt.legend()
plt.show()
------------------


[0;31m---------------------------------------------------------------------------[0m
[0;31mNameError[0m                                 Traceback (most recent call last)
Cell [0;32mIn[1], line 7[0m
[1;32m      4[0m e [38;5;241m=[39m np[38;5;241m.[39mlinspace([38;5;241m-[39m[38;5;241m2[39m, [38;5;241m2[39m, [38;5;241m100[39m)
[1;32m      6[0m plt[38;5;241m.[39mfigure(figsize[38;5;241m=[39m[[38;5;241m4[39m,[38;5;241m3[39m])
[0;32m----> 7[0m plt[38;5;241m.[39mplot([43mx[49m, e[38;5;241m*[39m[38;5;241m*[39m[38;5;241m2[39m, label[38;5;241m=[39m[38;5;124mr[39m[38;5;124m"[39m[38;5;124mSquared Error $e^2$[39m[38;5;124m"[39m)
[1;32m      8[0m plt[38;5;241m.[39mplot(x, [38;5;28mabs[39m(e), label[38;5;241m=[39m[38;5;124mr[39m[38;5;124m"[39m[38;5;124mAbsolute Error $|e|$[39m[38;5;124m"[39m)
[1;32m     10[0m plt[38;5;241m.[39mylabel([38;5;124mr[39m[38;5;124m"[39m[38;5;124m$error$[39m[38;5;124m"[39m)

[0;31mNameError[0m: name 'x' is not defined

