Traceback (most recent call last):
  File "/usr/local/lib/python3.10/site-packages/jupyter_core/utils/__init__.py", line 154, in wrapped
    asyncio.get_running_loop()
RuntimeError: no running event loop

During handling of the above exception, another exception occurred:

Traceback (most recent call last):
  File "/usr/local/lib/python3.10/site-packages/jupyter_cache/executors/utils.py", line 58, in single_nb_execution
    executenb(
  File "/usr/local/lib/python3.10/site-packages/nbclient/client.py", line 1319, in execute
    return NotebookClient(nb=nb, resources=resources, km=km, **kwargs).execute()
  File "/usr/local/lib/python3.10/site-packages/jupyter_core/utils/__init__.py", line 158, in wrapped
    return loop.run_until_complete(inner)
  File "/usr/local/lib/python3.10/asyncio/base_events.py", line 649, in run_until_complete
    return future.result()
  File "/usr/local/lib/python3.10/site-packages/nbclient/client.py", line 709, in async_execute
    await self.async_execute_cell(
  File "/usr/local/lib/python3.10/site-packages/nbclient/client.py", line 1062, in async_execute_cell
    await self._check_raise_for_error(cell, cell_index, exec_reply)
  File "/usr/local/lib/python3.10/site-packages/nbclient/client.py", line 918, in _check_raise_for_error
    raise CellExecutionError.from_cell_and_msg(cell, exec_reply_content)
nbclient.exceptions.CellExecutionError: An error occurred while executing the following cell:
------------------
# ãƒˆãƒ¼ã‚¯ãƒ³ã«åˆ†å‰²ã—ãŸæ–‡ç« ã®é›†åˆã®ä¾‹
sentences = [
    ["king", "male", "ruler"],
    ["queen", "female", "ruler"],
    ["man", "male"],
    ["woman", "female"],
]

from gensim.models import Word2Vec
model = Word2Vec(sentences=sentences, vector_size=100, window=5, min_count=1, workers=4)
------------------


[0;31m---------------------------------------------------------------------------[0m
[0;31mImportError[0m                               Traceback (most recent call last)
Cell [0;32mIn[4], line 9[0m
[1;32m      1[0m [38;5;66;03m# ãƒˆãƒ¼ã‚¯ãƒ³ã«åˆ†å‰²ã—ãŸæ–‡ç« ã®é›†åˆã®ä¾‹[39;00m
[1;32m      2[0m sentences [38;5;241m=[39m [
[1;32m      3[0m     [[38;5;124m"[39m[38;5;124mking[39m[38;5;124m"[39m, [38;5;124m"[39m[38;5;124mmale[39m[38;5;124m"[39m, [38;5;124m"[39m[38;5;124mruler[39m[38;5;124m"[39m],
[1;32m      4[0m     [[38;5;124m"[39m[38;5;124mqueen[39m[38;5;124m"[39m, [38;5;124m"[39m[38;5;124mfemale[39m[38;5;124m"[39m, [38;5;124m"[39m[38;5;124mruler[39m[38;5;124m"[39m],
[1;32m      5[0m     [[38;5;124m"[39m[38;5;124mman[39m[38;5;124m"[39m, [38;5;124m"[39m[38;5;124mmale[39m[38;5;124m"[39m],
[1;32m      6[0m     [[38;5;124m"[39m[38;5;124mwoman[39m[38;5;124m"[39m, [38;5;124m"[39m[38;5;124mfemale[39m[38;5;124m"[39m],
[1;32m      7[0m ]
[0;32m----> 9[0m [38;5;28;01mfrom[39;00m[38;5;250m [39m[38;5;21;01mgensim[39;00m[38;5;21;01m.[39;00m[38;5;21;01mmodels[39;00m[38;5;250m [39m[38;5;28;01mimport[39;00m Word2Vec
[1;32m     10[0m model [38;5;241m=[39m Word2Vec(sentences[38;5;241m=[39msentences, vector_size[38;5;241m=[39m[38;5;241m100[39m, window[38;5;241m=[39m[38;5;241m5[39m, min_count[38;5;241m=[39m[38;5;241m1[39m, workers[38;5;241m=[39m[38;5;241m4[39m)

File [0;32m/usr/local/lib/python3.10/site-packages/gensim/__init__.py:11[0m
[1;32m      7[0m __version__ [38;5;241m=[39m [38;5;124m'[39m[38;5;124m4.3.2[39m[38;5;124m'[39m
[1;32m      9[0m [38;5;28;01mimport[39;00m[38;5;250m [39m[38;5;21;01mlogging[39;00m
[0;32m---> 11[0m [38;5;28;01mfrom[39;00m[38;5;250m [39m[38;5;21;01mgensim[39;00m[38;5;250m [39m[38;5;28;01mimport[39;00m parsing, corpora, matutils, interfaces, models, similarities, utils  [38;5;66;03m# noqa:F401[39;00m
[1;32m     14[0m logger [38;5;241m=[39m logging[38;5;241m.[39mgetLogger([38;5;124m'[39m[38;5;124mgensim[39m[38;5;124m'[39m)
[1;32m     15[0m [38;5;28;01mif[39;00m [38;5;129;01mnot[39;00m logger[38;5;241m.[39mhandlers:  [38;5;66;03m# To ensure reload() doesn't add another one[39;00m

File [0;32m/usr/local/lib/python3.10/site-packages/gensim/corpora/__init__.py:6[0m
[1;32m      1[0m [38;5;124;03m"""[39;00m
[1;32m      2[0m [38;5;124;03mThis package contains implementations of various streaming corpus I/O format.[39;00m
[1;32m      3[0m [38;5;124;03m"""[39;00m
[1;32m      5[0m [38;5;66;03m# bring corpus classes directly into package namespace, to save some typing[39;00m
[0;32m----> 6[0m [38;5;28;01mfrom[39;00m[38;5;250m [39m[38;5;21;01m.[39;00m[38;5;21;01mindexedcorpus[39;00m[38;5;250m [39m[38;5;28;01mimport[39;00m IndexedCorpus  [38;5;66;03m# noqa:F401 must appear before the other classes[39;00m
[1;32m      8[0m [38;5;28;01mfrom[39;00m[38;5;250m [39m[38;5;21;01m.[39;00m[38;5;21;01mmmcorpus[39;00m[38;5;250m [39m[38;5;28;01mimport[39;00m MmCorpus  [38;5;66;03m# noqa:F401[39;00m
[1;32m      9[0m [38;5;28;01mfrom[39;00m[38;5;250m [39m[38;5;21;01m.[39;00m[38;5;21;01mbleicorpus[39;00m[38;5;250m [39m[38;5;28;01mimport[39;00m BleiCorpus  [38;5;66;03m# noqa:F401[39;00m

File [0;32m/usr/local/lib/python3.10/site-packages/gensim/corpora/indexedcorpus.py:14[0m
[1;32m     10[0m [38;5;28;01mimport[39;00m[38;5;250m [39m[38;5;21;01mlogging[39;00m
[1;32m     12[0m [38;5;28;01mimport[39;00m[38;5;250m [39m[38;5;21;01mnumpy[39;00m
[0;32m---> 14[0m [38;5;28;01mfrom[39;00m[38;5;250m [39m[38;5;21;01mgensim[39;00m[38;5;250m [39m[38;5;28;01mimport[39;00m interfaces, utils
[1;32m     16[0m logger [38;5;241m=[39m logging[38;5;241m.[39mgetLogger([38;5;18m__name__[39m)
[1;32m     19[0m [38;5;28;01mclass[39;00m[38;5;250m [39m[38;5;21;01mIndexedCorpus[39;00m(interfaces[38;5;241m.[39mCorpusABC):

File [0;32m/usr/local/lib/python3.10/site-packages/gensim/interfaces.py:19[0m
[1;32m      7[0m [38;5;124;03m"""Basic interfaces used across the whole Gensim package.[39;00m
[1;32m      8[0m 
[1;32m      9[0m [38;5;124;03mThese interfaces are used for building corpora, model transformation and similarity queries.[39;00m
[0;32m   (...)[0m
[1;32m     14[0m 
[1;32m     15[0m [38;5;124;03m"""[39;00m
[1;32m     17[0m [38;5;28;01mimport[39;00m[38;5;250m [39m[38;5;21;01mlogging[39;00m
[0;32m---> 19[0m [38;5;28;01mfrom[39;00m[38;5;250m [39m[38;5;21;01mgensim[39;00m[38;5;250m [39m[38;5;28;01mimport[39;00m utils, matutils
[1;32m     22[0m logger [38;5;241m=[39m logging[38;5;241m.[39mgetLogger([38;5;18m__name__[39m)
[1;32m     25[0m [38;5;28;01mclass[39;00m[38;5;250m [39m[38;5;21;01mCorpusABC[39;00m(utils[38;5;241m.[39mSaveLoad):

File [0;32m/usr/local/lib/python3.10/site-packages/gensim/matutils.py:20[0m
[1;32m     18[0m [38;5;28;01mimport[39;00m[38;5;250m [39m[38;5;21;01mscipy[39;00m[38;5;21;01m.[39;00m[38;5;21;01msparse[39;00m
[1;32m     19[0m [38;5;28;01mfrom[39;00m[38;5;250m [39m[38;5;21;01mscipy[39;00m[38;5;21;01m.[39;00m[38;5;21;01mstats[39;00m[38;5;250m [39m[38;5;28;01mimport[39;00m entropy
[0;32m---> 20[0m [38;5;28;01mfrom[39;00m[38;5;250m [39m[38;5;21;01mscipy[39;00m[38;5;21;01m.[39;00m[38;5;21;01mlinalg[39;00m[38;5;250m [39m[38;5;28;01mimport[39;00m get_blas_funcs, triu
[1;32m     21[0m [38;5;28;01mfrom[39;00m[38;5;250m [39m[38;5;21;01mscipy[39;00m[38;5;21;01m.[39;00m[38;5;21;01mlinalg[39;00m[38;5;21;01m.[39;00m[38;5;21;01mlapack[39;00m[38;5;250m [39m[38;5;28;01mimport[39;00m get_lapack_funcs
[1;32m     22[0m [38;5;28;01mfrom[39;00m[38;5;250m [39m[38;5;21;01mscipy[39;00m[38;5;21;01m.[39;00m[38;5;21;01mspecial[39;00m[38;5;250m [39m[38;5;28;01mimport[39;00m psi  [38;5;66;03m# gamma function utils[39;00m

[0;31mImportError[0m: cannot import name 'triu' from 'scipy.linalg' (/usr/local/lib/python3.10/site-packages/scipy/linalg/__init__.py)

