Traceback (most recent call last):
  File "/usr/local/lib/python3.10/site-packages/jupyter_cache/executors/utils.py", line 58, in single_nb_execution
    executenb(
  File "/usr/local/lib/python3.10/site-packages/nbclient/client.py", line 1314, in execute
    return NotebookClient(nb=nb, resources=resources, km=km, **kwargs).execute()
  File "/usr/local/lib/python3.10/site-packages/jupyter_core/utils/__init__.py", line 165, in wrapped
    return loop.run_until_complete(inner)
  File "/usr/local/lib/python3.10/asyncio/base_events.py", line 649, in run_until_complete
    return future.result()
  File "/usr/local/lib/python3.10/site-packages/nbclient/client.py", line 709, in async_execute
    await self.async_execute_cell(
  File "/usr/local/lib/python3.10/site-packages/nbclient/client.py", line 1062, in async_execute_cell
    await self._check_raise_for_error(cell, cell_index, exec_reply)
  File "/usr/local/lib/python3.10/site-packages/nbclient/client.py", line 918, in _check_raise_for_error
    raise CellExecutionError.from_cell_and_msg(cell, exec_reply_content)
nbclient.exceptions.CellExecutionError: An error occurred while executing the following cell:
------------------
# å‰é€²ä»£å…¥
n = L.shape[0]
y_ = np.zeros_like(b, dtype=float)
for i in range(n):
    temp = 0
    for j in range(i):
        temp += L[i, j] * y_[j]
    y_[i] = b_pi[i] - temp
y_
------------------


[0;31m---------------------------------------------------------------------------[0m
[0;31mNameError[0m                                 Traceback (most recent call last)
Cell [0;32mIn[13], line 3[0m
[1;32m      1[0m [38;5;66;03m# å‰é€²ä»£å…¥[39;00m
[1;32m      2[0m n [38;5;241m=[39m L[38;5;241m.[39mshape[[38;5;241m0[39m]
[0;32m----> 3[0m y_ [38;5;241m=[39m np[38;5;241m.[39mzeros_like([43mb[49m, dtype[38;5;241m=[39m[38;5;28mfloat[39m)
[1;32m      4[0m [38;5;28;01mfor[39;00m i [38;5;129;01min[39;00m [38;5;28mrange[39m(n):
[1;32m      5[0m     temp [38;5;241m=[39m [38;5;241m0[39m

[0;31mNameError[0m: name 'b' is not defined

